2016/07/22 09:23:04 INFO  - jmeter.util.JMeterUtils: Setting Locale to zh_CN 
2016/07/22 09:23:04 INFO  - jmeter.JMeter: Loading user properties from: E:\ApiTest\config\user.properties 
2016/07/22 09:23:04 INFO  - jmeter.JMeter: Loading system properties from: D:\mywork\Apache\Jmeter\bin\system.properties 
2016/07/22 09:23:04 INFO  - jmeter.JMeter: Copyright (c) 1998-2016 The Apache Software Foundation 
2016/07/22 09:23:04 INFO  - jmeter.JMeter: Version 3.0 r1743807 
2016/07/22 09:23:04 INFO  - jmeter.JMeter: java.version=1.8.0_11 
2016/07/22 09:23:04 INFO  - jmeter.JMeter: java.vm.name=Java HotSpot(TM) 64-Bit Server VM 
2016/07/22 09:23:04 INFO  - jmeter.JMeter: os.name=Windows 7 
2016/07/22 09:23:04 INFO  - jmeter.JMeter: os.arch=amd64 
2016/07/22 09:23:04 INFO  - jmeter.JMeter: os.version=6.1 
2016/07/22 09:23:04 INFO  - jmeter.JMeter: file.encoding=GBK 
2016/07/22 09:23:04 INFO  - jmeter.JMeter: Max memory     =523763712 
2016/07/22 09:23:04 INFO  - jmeter.JMeter: Available Processors =4 
2016/07/22 09:23:04 INFO  - jmeter.JMeter: Default Locale=中文 (中国) 
2016/07/22 09:23:04 INFO  - jmeter.JMeter: JMeter  Locale=中文 (中国) 
2016/07/22 09:23:04 INFO  - jmeter.JMeter: JMeterHome=D:\mywork\Apache\Jmeter 
2016/07/22 09:23:04 INFO  - jmeter.JMeter: user.dir  =E:\Project\LOCAL\HttpTest 
2016/07/22 09:23:04 INFO  - jmeter.JMeter: PWD       =E:\Project\LOCAL\HttpTest 
2016/07/22 09:23:04 INFO  - jmeter.JMeter: IP: 192.168.40.25 Name: liujing1 FullName: liujing1.longtu.com 
2016/07/22 09:23:04 INFO  - jmeter.gui.action.LookAndFeelCommand: Using look and feel: javax.swing.plaf.metal.MetalLookAndFeel [Metal, CrossPlatform] 
2016/07/22 09:23:04 INFO  - jmeter.JMeter: Loaded icon properties from org/apache/jmeter/images/icon.properties 
2016/07/22 09:23:04 INFO  - jmeter.engine.util.CompoundVariable: Note: Function class names must contain the string: '.functions.' 
2016/07/22 09:23:04 INFO  - jmeter.engine.util.CompoundVariable: Note: Function class names must not contain the string: '.gui.' 
2016/07/22 09:23:06 INFO  - jmeter.util.BSFTestElement: Registering JMeter version of JavaScript engine as work-round for BSF-22 
2016/07/22 09:23:07 INFO  - jmeter.protocol.http.sampler.HTTPSamplerBase: Parser for text/html is org.apache.jmeter.protocol.http.parser.LagartoBasedHtmlParser 
2016/07/22 09:23:07 INFO  - jmeter.protocol.http.sampler.HTTPSamplerBase: Parser for application/xhtml+xml is org.apache.jmeter.protocol.http.parser.LagartoBasedHtmlParser 
2016/07/22 09:23:07 INFO  - jmeter.protocol.http.sampler.HTTPSamplerBase: Parser for application/xml is org.apache.jmeter.protocol.http.parser.LagartoBasedHtmlParser 
2016/07/22 09:23:07 INFO  - jmeter.protocol.http.sampler.HTTPSamplerBase: Parser for text/xml is org.apache.jmeter.protocol.http.parser.LagartoBasedHtmlParser 
2016/07/22 09:23:07 INFO  - jmeter.protocol.http.sampler.HTTPSamplerBase: Parser for text/vnd.wap.wml is org.apache.jmeter.protocol.http.parser.RegexpHTMLParser 
2016/07/22 09:23:07 INFO  - jmeter.protocol.http.sampler.HTTPSamplerBase: Parser for text/css is org.apache.jmeter.protocol.http.parser.CssParser 
2016/07/22 09:23:07 INFO  - jorphan.exec.KeyToolUtils: keytool found at 'keytool' 
2016/07/22 09:23:07 INFO  - jmeter.protocol.http.proxy.ProxyControl: HTTP(S) Test Script Recorder SSL Proxy will use keys that support embedded 3rd party resources in file D:\mywork\Apache\Jmeter\bin\proxyserver.jks 
2016/07/22 09:23:07 INFO  - jmeter.gui.util.MenuFactory: Skipping org.apache.jmeter.protocol.mongodb.config.MongoSourceElement 
2016/07/22 09:23:07 INFO  - jmeter.gui.util.MenuFactory: Skipping org.apache.jmeter.protocol.mongodb.sampler.MongoScriptSampler 
2016/07/22 09:23:07 INFO  - jmeter.gui.util.MenuFactory: Skipping org.apache.jmeter.visualizers.DistributionGraphVisualizer 
2016/07/22 09:23:07 INFO  - jmeter.samplers.SampleResult: Note: Sample TimeStamps are START times 
2016/07/22 09:23:07 INFO  - jmeter.samplers.SampleResult: sampleresult.default.encoding is set to UTF-8 
2016/07/22 09:23:07 INFO  - jmeter.samplers.SampleResult: sampleresult.useNanoTime=true 
2016/07/22 09:23:07 INFO  - jmeter.samplers.SampleResult: sampleresult.nanoThreadSleep=5000 
2016/07/22 09:23:07 INFO  - jmeter.gui.util.MenuFactory: Skipping org.apache.jmeter.visualizers.SplineVisualizer 
